# JRE version: OpenJDK Runtime Environment (8.0_152-b01) (build 1.8.0_152-release-1248-b01)
# Java VM: OpenJDK 64-Bit Server VM (25.152-b01 mixed mode windows-amd64 compressed oops)
Heap:
 PSYoungGen      total 479744K, used 251114K [0x00000000e0000000, 0x00000000fff00000, 0x0000000100000000)
  eden space 438272K, 53% used [0x00000000e0000000,0x00000000ee482e10,0x00000000fac00000)
  from space 41472K, 41% used [0x00000000fac00000,0x00000000fbcb7cc8,0x00000000fd480000)
  to   space 40448K, 0% used [0x00000000fd780000,0x00000000fd780000,0x00000000fff00000)
 ParOldGen       total 305152K, used 144827K [0x00000000a0000000, 0x00000000b2a00000, 0x00000000e0000000)
  object space 305152K, 47% used [0x00000000a0000000,0x00000000a8d6ed50,0x00000000b2a00000)
 Metaspace       used 104386K, capacity 110941K, committed 111144K, reserved 1146880K
  class space    used 12943K, capacity 14052K, committed 14128K, reserved 1048576K
GC Heap History (10 events):
Event: 6985.658 GC heap before
{Heap before GC invocations=101 (full 6):
 PSYoungGen      total 469504K, used 426384K [0x00000000e0000000, 0x00000000ff880000, 0x0000000100000000)
  eden space 420352K, 100% used [0x00000000e0000000,0x00000000f9a80000,0x00000000f9a80000)
  from space 49152K, 12% used [0x00000000fc880000,0x00000000fce643e8,0x00000000ff880000)
  to   space 47104K, 0% used [0x00000000f9a80000,0x00000000f9a80000,0x00000000fc880000)
 ParOldGen       total 305152K, used 114705K [0x00000000a0000000, 0x00000000b2a00000, 0x00000000e0000000)
  object space 305152K, 37% used [0x00000000a0000000,0x00000000a7004478,0x00000000b2a00000)
 Metaspace       used 104355K, capacity 110941K, committed 111144K, reserved 1146880K
  class space    used 12943K, capacity 14052K, committed 14128K, reserved 1048576K
Event: 6985.680 GC heap after
Heap after GC invocations=101 (full 6):
 PSYoungGen      total 467456K, used 8647K [0x00000000e0000000, 0x00000000ff900000, 0x0000000100000000)
  eden space 420352K, 0% used [0x00000000e0000000,0x00000000e0000000,0x00000000f9a80000)
  from space 47104K, 18% used [0x00000000f9a80000,0x00000000fa2f1db0,0x00000000fc880000)
  to   space 44544K, 0% used [0x00000000fcd80000,0x00000000fcd80000,0x00000000ff900000)
 ParOldGen       total 305152K, used 116173K [0x00000000a0000000, 0x00000000b2a00000, 0x00000000e0000000)
  object space 305152K, 38% used [0x00000000a0000000,0x00000000a7173498,0x00000000b2a00000)
 Metaspace       used 104355K, capacity 110941K, committed 111144K, reserved 1146880K
  class space    used 12943K, capacity 14052K, committed 14128K, reserved 1048576K
}
Event: 6987.516 GC heap before
{Heap before GC invocations=102 (full 6):
 PSYoungGen      total 467456K, used 428999K [0x00000000e0000000, 0x00000000ff900000, 0x0000000100000000)
  eden space 420352K, 100% used [0x00000000e0000000,0x00000000f9a80000,0x00000000f9a80000)
  from space 47104K, 18% used [0x00000000f9a80000,0x00000000fa2f1db0,0x00000000fc880000)
  to   space 44544K, 0% used [0x00000000fcd80000,0x00000000fcd80000,0x00000000ff900000)
 ParOldGen       total 305152K, used 117004K [0x00000000a0000000, 0x00000000b2a00000, 0x00000000e0000000)
  object space 305152K, 38% used [0x00000000a0000000,0x00000000a7243090,0x00000000b2a00000)
 Metaspace       used 104380K, capacity 110941K, committed 111144K, reserved 1146880K
  class space    used 12943K, capacity 14052K, committed 14128K, reserved 1048576K
Event: 6987.528 GC heap after
Heap after GC invocations=102 (full 6):
 PSYoungGen      total 474624K, used 4952K [0x00000000e0000000, 0x00000000ff980000, 0x0000000100000000)
  eden space 430080K, 0% used [0x00000000e0000000,0x00000000e0000000,0x00000000fa400000)
  from space 44544K, 11% used [0x00000000fcd80000,0x00000000fd2562e8,0x00000000ff900000)
  to   space 42496K, 0% used [0x00000000fa400000,0x00000000fa400000,0x00000000fcd80000)
 ParOldGen       total 305152K, used 118382K [0x00000000a0000000, 0x00000000b2a00000, 0x00000000e0000000)
  object space 305152K, 38% used [0x00000000a0000000,0x00000000a739b9b0,0x00000000b2a00000)
 Metaspace       used 104380K, capacity 110941K, committed 111144K, reserved 1146880K
  class space    used 12943K, capacity 14052K, committed 14128K, reserved 1048576K
}
Event: 6988.709 GC heap before
{Heap before GC invocations=103 (full 6):
 PSYoungGen      total 474624K, used 435032K [0x00000000e0000000, 0x00000000ff980000, 0x0000000100000000)
  eden space 430080K, 100% used [0x00000000e0000000,0x00000000fa400000,0x00000000fa400000)
  from space 44544K, 11% used [0x00000000fcd80000,0x00000000fd2562e8,0x00000000ff900000)
  to   space 42496K, 0% used [0x00000000fa400000,0x00000000fa400000,0x00000000fcd80000)
 ParOldGen       total 305152K, used 118384K [0x00000000a0000000, 0x00000000b2a00000, 0x00000000e0000000)
  object space 305152K, 38% used [0x00000000a0000000,0x00000000a739c2a8,0x00000000b2a00000)
 Metaspace       used 104382K, capacity 110941K, committed 111144K, reserved 1146880K
  class space    used 12943K, capacity 14052K, committed 14128K, reserved 1048576K
Event: 6988.749 GC heap after
Heap after GC invocations=103 (full 6):
 PSYoungGen      total 472576K, used 22263K [0x00000000e0000000, 0x0000000100000000, 0x0000000100000000)
  eden space 430080K, 0% used [0x00000000e0000000,0x00000000e0000000,0x00000000fa400000)
  from space 42496K, 52% used [0x00000000fa400000,0x00000000fb9bdeb0,0x00000000fcd80000)
  to   space 43520K, 0% used [0x00000000fd580000,0x00000000fd580000,0x0000000100000000)
 ParOldGen       total 305152K, used 121562K [0x00000000a0000000, 0x00000000b2a00000, 0x00000000e0000000)
  object space 305152K, 39% used [0x00000000a0000000,0x00000000a76b69a0,0x00000000b2a00000)
 Metaspace       used 104382K, capacity 110941K, committed 111144K, reserved 1146880K
  class space    used 12943K, capacity 14052K, committed 14128K, reserved 1048576K
}
Event: 6989.849 GC heap before
{Heap before GC invocations=104 (full 6):
 PSYoungGen      total 472576K, used 452343K [0x00000000e0000000, 0x0000000100000000, 0x0000000100000000)
  eden space 430080K, 100% used [0x00000000e0000000,0x00000000fa400000,0x00000000fa400000)
  from space 42496K, 52% used [0x00000000fa400000,0x00000000fb9bdeb0,0x00000000fcd80000)
  to   space 43520K, 0% used [0x00000000fd580000,0x00000000fd580000,0x0000000100000000)
 ParOldGen       total 305152K, used 121562K [0x00000000a0000000, 0x00000000b2a00000, 0x00000000e0000000)
  object space 305152K, 39% used [0x00000000a0000000,0x00000000a76b69a0,0x00000000b2a00000)
 Metaspace       used 104383K, capacity 110941K, committed 111144K, reserved 1146880K
  class space    used 12943K, capacity 14052K, committed 14128K, reserved 1048576K
Event: 6989.899 GC heap after
Heap after GC invocations=104 (full 6):
 PSYoungGen      total 478720K, used 7207K [0x00000000e0000000, 0x00000000ffd00000, 0x0000000100000000)
  eden space 438272K, 0% used [0x00000000e0000000,0x00000000e0000000,0x00000000fac00000)
  from space 40448K, 17% used [0x00000000fd580000,0x00000000fdc89e18,0x00000000ffd00000)
  to   space 41472K, 0% used [0x00000000fac00000,0x00000000fac00000,0x00000000fd480000)
 ParOldGen       total 305152K, used 140188K [0x00000000a0000000, 0x00000000b2a00000, 0x00000000e0000000)
  object space 305152K, 45% used [0x00000000a0000000,0x00000000a88e72c8,0x00000000b2a00000)
 Metaspace       used 104383K, capacity 110941K, committed 111144K, reserved 1146880K
  class space    used 12943K, capacity 14052K, committed 14128K, reserved 1048576K
}
Event: 6991.086 GC heap before
{Heap before GC invocations=105 (full 6):
 PSYoungGen      total 478720K, used 445479K [0x00000000e0000000, 0x00000000ffd00000, 0x0000000100000000)
  eden space 438272K, 100% used [0x00000000e0000000,0x00000000fac00000,0x00000000fac00000)
  from space 40448K, 17% used [0x00000000fd580000,0x00000000fdc89e18,0x00000000ffd00000)
  to   space 41472K, 0% used [0x00000000fac00000,0x00000000fac00000,0x00000000fd480000)
 ParOldGen       total 305152K, used 140188K [0x00000000a0000000, 0x00000000b2a00000, 0x00000000e0000000)
  object space 305152K, 45% used [0x00000000a0000000,0x00000000a88e72c8,0x00000000b2a00000)
 Metaspace       used 104386K, capacity 110941K, committed 111144K, reserved 1146880K
  class space    used 12943K, capacity 14052K, committed 14128K, reserved 1048576K
Event: 6991.117 GC heap after
Heap after GC invocations=105 (full 6):
 PSYoungGen      total 479744K, used 17119K [0x00000000e0000000, 0x00000000fff00000, 0x0000000100000000)
  eden space 438272K, 0% used [0x00000000e0000000,0x00000000e0000000,0x00000000fac00000)
  from space 41472K, 41% used [0x00000000fac00000,0x00000000fbcb7cc8,0x00000000fd480000)
  to   space 40448K, 0% used [0x00000000fd780000,0x00000000fd780000,0x00000000fff00000)
 ParOldGen       total 305152K, used 144827K [0x00000000a0000000, 0x00000000b2a00000, 0x00000000e0000000)
  object space 305152K, 47% used [0x00000000a0000000,0x00000000a8d6ed50,0x00000000b2a00000)
 Metaspace       used 104386K, capacity 110941K, committed 111144K, reserved 1146880K
  class space    used 12943K, capacity 14052K, committed 14128K, reserved 1048576K
}

